<?xml version="1.0" encoding="UTF-8"?>
<!-- Generated by org.testng.reporters.JUnitXMLReporter -->
<testsuite ignored="0" hostname="IN-BLBN0F3" failures="2" tests="12" name="Edge Test" time="33.729" errors="0" timestamp="07 Apr 2024 07:25:57 GMT">
  <testcase classname="test.TestNG" name="@AfterMethod Aftermethod" time="0.02">
    <failure type="org.openqa.selenium.NoSuchSessionException" message="Tried to run command without establishing a connection
Build info: version: &amp;apos;4.18.1&amp;apos;, revision: &amp;apos;b1d3319b48&amp;apos;
System info: os.name: &amp;apos;Windows 11&amp;apos;, os.arch: &amp;apos;amd64&amp;apos;, os.version: &amp;apos;10.0&amp;apos;, java.version: &amp;apos;21.0.2&amp;apos;
Driver info: org.openqa.selenium.firefox.FirefoxDriver
Command: [d547d2cf-5797-45c6-a364-3d85a756e2e6, screenshot {}]
Capabilities {acceptInsecureCerts: true, browserName: firefox, browserVersion: 124.0.2, moz:accessibilityChecks: false, moz:buildID: 20240401114208, moz:debuggerAddress: 127.0.0.1:21770, moz:geckodriverVersion: 0.34.0, moz:headless: false, moz:platformVersion: 10.0, moz:processID: 26152, moz:profile: C:\Users\HARDIK~1\AppData\L..., moz:shutdownTimeout: 60000, moz:webdriverClick: true, moz:windowless: false, pageLoadStrategy: normal, platformName: windows, proxy: Proxy(), se:cdp: ws://127.0.0.1:21770/devtoo..., se:cdpVersion: 85.0, setWindowRect: true, strictFileInteractability: false, timeouts: {implicit: 0, pageLoad: 300000, script: 30000}, unhandledPromptBehavior: dismiss and notify}
Session ID: d547d2cf-5797-45c6-a364-3d85a756e2e6">
      <![CDATA[org.openqa.selenium.NoSuchSessionException: Tried to run command without establishing a connection
Build info: version: '4.18.1', revision: 'b1d3319b48'
System info: os.name: 'Windows 11', os.arch: 'amd64', os.version: '10.0', java.version: '21.0.2'
Driver info: org.openqa.selenium.firefox.FirefoxDriver
Command: [d547d2cf-5797-45c6-a364-3d85a756e2e6, screenshot {}]
Capabilities {acceptInsecureCerts: true, browserName: firefox, browserVersion: 124.0.2, moz:accessibilityChecks: false, moz:buildID: 20240401114208, moz:debuggerAddress: 127.0.0.1:21770, moz:geckodriverVersion: 0.34.0, moz:headless: false, moz:platformVersion: 10.0, moz:processID: 26152, moz:profile: C:\Users\HARDIK~1\AppData\L..., moz:shutdownTimeout: 60000, moz:webdriverClick: true, moz:windowless: false, pageLoadStrategy: normal, platformName: windows, proxy: Proxy(), se:cdp: ws://127.0.0.1:21770/devtoo..., se:cdpVersion: 85.0, setWindowRect: true, strictFileInteractability: false, timeouts: {implicit: 0, pageLoad: 300000, script: 30000}, unhandledPromptBehavior: dismiss and notify}
Session ID: d547d2cf-5797-45c6-a364-3d85a756e2e6
	at org.openqa.selenium.remote.ErrorCodec.decode(ErrorCodec.java:167)
	at org.openqa.selenium.remote.codec.w3c.W3CHttpResponseCodec.decode(W3CHttpResponseCodec.java:138)
	at org.openqa.selenium.remote.codec.w3c.W3CHttpResponseCodec.decode(W3CHttpResponseCodec.java:50)
	at org.openqa.selenium.remote.HttpCommandExecutor.execute(HttpCommandExecutor.java:190)
	at org.openqa.selenium.remote.service.DriverCommandExecutor.invokeExecute(DriverCommandExecutor.java:216)
	at org.openqa.selenium.remote.service.DriverCommandExecutor.execute(DriverCommandExecutor.java:174)
	at org.openqa.selenium.remote.RemoteWebDriver.execute(RemoteWebDriver.java:519)
	at org.openqa.selenium.remote.RemoteWebDriver.execute(RemoteWebDriver.java:592)
	at org.openqa.selenium.remote.RemoteWebDriver.execute(RemoteWebDriver.java:596)
	at org.openqa.selenium.remote.RemoteWebDriver.getScreenshotAs(RemoteWebDriver.java:322)
	at util.Util.TakingScreenshot(Util.java:16)
	at test.TestNG.Aftermethod(TestNG.java:267)
	at java.base/java.util.concurrent.FutureTask.run(FutureTask.java:317)
	at java.base/java.util.concurrent.ThreadPoolExecutor.runWorker(ThreadPoolExecutor.java:1144)
	at java.base/java.util.concurrent.ThreadPoolExecutor$Worker.run(ThreadPoolExecutor.java:642)
	at java.base/java.lang.Thread.run(Thread.java:1583)
... Removed 19 stack frames]]>
    </failure>
  </testcase> <!-- @AfterMethod Aftermethod -->
  <testcase classname="test.TestNG" name="@AfterTest tearDown" time="0.0">
    <skipped/>
  </testcase> <!-- @AfterTest tearDown -->
  <testcase classname="test.TestNG" name="amazonSearchTest" time="10.448">
    <failure type="java.lang.IllegalArgumentException" message="Keys to send should be a not null CharSequence">
      <![CDATA[java.lang.IllegalArgumentException: Keys to send should be a not null CharSequence
	at org.openqa.selenium.remote.RemoteWebElement.sendKeys(RemoteWebElement.java:96)
	at pages.AmazonPageObjects.setTextInsearchBox(AmazonPageObjects.java:46)
	at test.TestNG.amazonSearchTest(TestNG.java:112)
	at java.base/java.util.concurrent.FutureTask.run(FutureTask.java:317)
	at java.base/java.util.concurrent.ThreadPoolExecutor.runWorker(ThreadPoolExecutor.java:1144)
	at java.base/java.util.concurrent.ThreadPoolExecutor$Worker.run(ThreadPoolExecutor.java:642)
	at java.base/java.lang.Thread.run(Thread.java:1583)
... Removed 14 stack frames]]>
    </failure>
  </testcase> <!-- amazonSearchTest -->
  <testcase classname="test.TestNG" name="openProductPage" time="9.849">
    <failure type="org.openqa.selenium.NoSuchSessionException" message="WebDriver session does not exist, or is not active
Build info: version: &amp;apos;4.18.1&amp;apos;, revision: &amp;apos;b1d3319b48&amp;apos;
System info: os.name: &amp;apos;Windows 11&amp;apos;, os.arch: &amp;apos;amd64&amp;apos;, os.version: &amp;apos;10.0&amp;apos;, java.version: &amp;apos;21.0.2&amp;apos;
Driver info: org.openqa.selenium.firefox.FirefoxDriver
Command: [d547d2cf-5797-45c6-a364-3d85a756e2e6, get {url=https://www.amazon.in/Apple-iPhone-13-128GB-Green/dp/B09V4B6K53/ref=sr_1_1_sspa?crid=29BRKD1YVAT8V&amp;amp;dib=eyJ2IjoiMSJ9.4Amcm6ymShwYf2cUNy6g86_Hh6PF3BvOLMRBFifnIHGK0p0yPok76kg-9zCmptyQgfLHFQJdCCbEmr6U4KKdVAAvTnljtjnwf6FU7j1FMDr5czOzcgmq-Hb_3c7Zh-Hi8Ez_6HzClSKOmMnvo-WxJ7LADTDkhzWfHC0FwD_cyQPX8YLIPYCmoLz3In1uPuYncS7__zFJVDDJivlwbLlIK7jjovkQpJ9nxMrGr0ZGXCs.ZLlTzTdAbQTnqi9HVec-ACSKHHNmxbGxPAcN0gG3XmI&amp;amp;dib_tag=se&amp;amp;keywords=iphone&amp;amp;qid=1712118595&amp;amp;sprefix=iph%2Caps%2C210&amp;amp;sr=8-1-spons&amp;amp;sp_csd=d2lkZ2V0TmFtZT1zcF9hdGY&amp;amp;psc=1}]
Capabilities {acceptInsecureCerts: true, browserName: firefox, browserVersion: 124.0.2, moz:accessibilityChecks: false, moz:buildID: 20240401114208, moz:debuggerAddress: 127.0.0.1:21770, moz:geckodriverVersion: 0.34.0, moz:headless: false, moz:platformVersion: 10.0, moz:processID: 26152, moz:profile: C:\Users\HARDIK~1\AppData\L..., moz:shutdownTimeout: 60000, moz:webdriverClick: true, moz:windowless: false, pageLoadStrategy: normal, platformName: windows, proxy: Proxy(), se:cdp: ws://127.0.0.1:21770/devtoo..., se:cdpVersion: 85.0, setWindowRect: true, strictFileInteractability: false, timeouts: {implicit: 0, pageLoad: 300000, script: 30000}, unhandledPromptBehavior: dismiss and notify}
Session ID: d547d2cf-5797-45c6-a364-3d85a756e2e6">
      <![CDATA[org.openqa.selenium.NoSuchSessionException: WebDriver session does not exist, or is not active
Build info: version: '4.18.1', revision: 'b1d3319b48'
System info: os.name: 'Windows 11', os.arch: 'amd64', os.version: '10.0', java.version: '21.0.2'
Driver info: org.openqa.selenium.firefox.FirefoxDriver
Command: [d547d2cf-5797-45c6-a364-3d85a756e2e6, get {url=https://www.amazon.in/Apple-iPhone-13-128GB-Green/dp/B09V4B6K53/ref=sr_1_1_sspa?crid=29BRKD1YVAT8V&dib=eyJ2IjoiMSJ9.4Amcm6ymShwYf2cUNy6g86_Hh6PF3BvOLMRBFifnIHGK0p0yPok76kg-9zCmptyQgfLHFQJdCCbEmr6U4KKdVAAvTnljtjnwf6FU7j1FMDr5czOzcgmq-Hb_3c7Zh-Hi8Ez_6HzClSKOmMnvo-WxJ7LADTDkhzWfHC0FwD_cyQPX8YLIPYCmoLz3In1uPuYncS7__zFJVDDJivlwbLlIK7jjovkQpJ9nxMrGr0ZGXCs.ZLlTzTdAbQTnqi9HVec-ACSKHHNmxbGxPAcN0gG3XmI&dib_tag=se&keywords=iphone&qid=1712118595&sprefix=iph%2Caps%2C210&sr=8-1-spons&sp_csd=d2lkZ2V0TmFtZT1zcF9hdGY&psc=1}]
Capabilities {acceptInsecureCerts: true, browserName: firefox, browserVersion: 124.0.2, moz:accessibilityChecks: false, moz:buildID: 20240401114208, moz:debuggerAddress: 127.0.0.1:21770, moz:geckodriverVersion: 0.34.0, moz:headless: false, moz:platformVersion: 10.0, moz:processID: 26152, moz:profile: C:\Users\HARDIK~1\AppData\L..., moz:shutdownTimeout: 60000, moz:webdriverClick: true, moz:windowless: false, pageLoadStrategy: normal, platformName: windows, proxy: Proxy(), se:cdp: ws://127.0.0.1:21770/devtoo..., se:cdpVersion: 85.0, setWindowRect: true, strictFileInteractability: false, timeouts: {implicit: 0, pageLoad: 300000, script: 30000}, unhandledPromptBehavior: dismiss and notify}
Session ID: d547d2cf-5797-45c6-a364-3d85a756e2e6
	at org.openqa.selenium.remote.ErrorCodec.decode(ErrorCodec.java:167)
	at org.openqa.selenium.remote.codec.w3c.W3CHttpResponseCodec.decode(W3CHttpResponseCodec.java:138)
	at org.openqa.selenium.remote.codec.w3c.W3CHttpResponseCodec.decode(W3CHttpResponseCodec.java:50)
	at org.openqa.selenium.remote.HttpCommandExecutor.execute(HttpCommandExecutor.java:190)
	at org.openqa.selenium.remote.service.DriverCommandExecutor.invokeExecute(DriverCommandExecutor.java:216)
	at org.openqa.selenium.remote.service.DriverCommandExecutor.execute(DriverCommandExecutor.java:174)
	at org.openqa.selenium.remote.RemoteWebDriver.execute(RemoteWebDriver.java:519)
	at org.openqa.selenium.remote.RemoteWebDriver.get(RemoteWebDriver.java:301)
	at test.TestNG.openProductPage(TestNG.java:122)
	at java.base/java.util.concurrent.FutureTask.run(FutureTask.java:317)
	at java.base/java.util.concurrent.ThreadPoolExecutor.runWorker(ThreadPoolExecutor.java:1144)
	at java.base/java.util.concurrent.ThreadPoolExecutor$Worker.run(ThreadPoolExecutor.java:642)
	at java.base/java.lang.Thread.run(Thread.java:1583)
... Removed 17 stack frames]]>
    </failure>
  </testcase> <!-- openProductPage -->
  <testcase classname="test.TestNG" name="changeImage" time="0.0">
    <skipped/>
  </testcase> <!-- changeImage -->
  <testcase classname="test.TestNG" name="changeColor" time="0.0">
    <skipped/>
  </testcase> <!-- changeColor -->
  <testcase classname="test.TestNG" name="addToWishlist" time="0.0">
    <skipped/>
  </testcase> <!-- addToWishlist -->
  <testcase classname="test.TestNG" name="addProductToCart" time="0.0">
    <skipped/>
  </testcase> <!-- addProductToCart -->
  <testcase classname="test.TestNG" name="proceedToCheckout" time="0.0">
    <skipped/>
  </testcase> <!-- proceedToCheckout -->
  <testcase classname="test.TestNG" name="signUPCredentials" time="0.0">
    <skipped/>
  </testcase> <!-- signUPCredentials -->
  <testcase classname="test.TestNG" name="verifyAmazonLogoPresence" time="0.0">
    <skipped/>
  </testcase> <!-- verifyAmazonLogoPresence -->
  <testcase classname="test.TestNG" name="verifyCartIconClickable" time="0.0">
    <skipped/>
  </testcase> <!-- verifyCartIconClickable -->
  <testcase classname="test.TestNG" name="amazonSearchTest_Fail1" time="0.0">
    <skipped/>
  </testcase> <!-- amazonSearchTest_Fail1 -->
  <testcase classname="test.TestNG" name="searchForNonExistentItem" time="0.0">
    <skipped/>
  </testcase> <!-- searchForNonExistentItem -->
</testsuite> <!-- Edge Test -->
